<?xml version="1.0" encoding="UTF-8"?>
<!-- Generated by org.testng.reporters.JUnitXMLReporter -->
<testsuite ignored="0" hostname="LAPTOP-IPIJRB2N" failures="0" tests="4" name="Default test" time="119.485" errors="0" timestamp="2023-01-07T03:54:02 IST">
  <testcase classname="practice.DataDrivenTesting" name="LoginTest" time="5.879"/>
  <testcase classname="practice.DataDrivenTesting" name="LoginTest" time="31.261"/>
  <testcase classname="practice.DataDrivenTesting" name="LoginTest" time="30.641"/>
  <testcase classname="practice.DataDrivenTesting" name="LoginTest" time="31.114"/>
</testsuite> <!-- Default test -->
