<?xml version="1.0" encoding="UTF-8"?>
<testng-results ignored="0" total="4" passed="4" failed="0" skipped="0">
  <reporter-output>
  </reporter-output>
  <suite started-at="2023-01-07T03:52:02 IST" name="Default suite" finished-at="2023-01-07T03:54:01 IST" duration-ms="119485">
    <groups>
    </groups>
    <test started-at="2023-01-07T03:52:02 IST" name="Default test" finished-at="2023-01-07T03:54:01 IST" duration-ms="119485">
      <class name="practice.DataDrivenTesting">
        <test-method is-config="true" signature="StartDriver()[pri:0, instance:practice.DataDrivenTesting@2eae8e6e]" started-at="2023-01-07T03:52:02 IST" name="StartDriver" finished-at="2023-01-07T03:52:16 IST" duration-ms="13698" status="PASS">
          <reporter-output>
          </reporter-output>
        </test-method> <!-- StartDriver -->
        <test-method signature="LoginTest(java.lang.String,java.lang.String,java.lang.String)[pri:0, instance:practice.DataDrivenTesting@2eae8e6e]" started-at="2023-01-07T03:52:21 IST" name="LoginTest" data-provider="logindata" finished-at="2023-01-07T03:52:27 IST" duration-ms="5879" status="PASS">
          <params>
            <param index="0">
              <value>
                <![CDATA[standard_user]]>
              </value>
            </param>
            <param index="1">
              <value>
                <![CDATA[secret_sauce]]>
              </value>
            </param>
            <param index="2">
              <value>
                <![CDATA[Success]]>
              </value>
            </param>
          </params>
          <reporter-output>
          </reporter-output>
        </test-method> <!-- LoginTest -->
        <test-method signature="LoginTest(java.lang.String,java.lang.String,java.lang.String)[pri:0, instance:practice.DataDrivenTesting@2eae8e6e]" started-at="2023-01-07T03:52:27 IST" name="LoginTest" data-provider="logindata" finished-at="2023-01-07T03:52:59 IST" duration-ms="31261" status="PASS">
          <params>
            <param index="0">
              <value>
                <![CDATA[satyaa@gmail.com]]>
              </value>
            </param>
            <param index="1">
              <value>
                <![CDATA[Satya@123]]>
              </value>
            </param>
            <param index="2">
              <value>
                <![CDATA[Fail]]>
              </value>
            </param>
          </params>
          <reporter-output>
          </reporter-output>
        </test-method> <!-- LoginTest -->
        <test-method signature="LoginTest(java.lang.String,java.lang.String,java.lang.String)[pri:0, instance:practice.DataDrivenTesting@2eae8e6e]" started-at="2023-01-07T03:52:59 IST" name="LoginTest" data-provider="logindata" finished-at="2023-01-07T03:53:29 IST" duration-ms="30641" status="PASS">
          <params>
            <param index="0">
              <value>
                <![CDATA[satya1@gmail.com]]>
              </value>
            </param>
            <param index="1">
              <value>
                <![CDATA[Satya@1234]]>
              </value>
            </param>
            <param index="2">
              <value>
                <![CDATA[Fail]]>
              </value>
            </param>
          </params>
          <reporter-output>
          </reporter-output>
        </test-method> <!-- LoginTest -->
        <test-method signature="LoginTest(java.lang.String,java.lang.String,java.lang.String)[pri:0, instance:practice.DataDrivenTesting@2eae8e6e]" started-at="2023-01-07T03:53:29 IST" name="LoginTest" data-provider="logindata" finished-at="2023-01-07T03:54:00 IST" duration-ms="31114" status="PASS">
          <params>
            <param index="0">
              <value>
                <![CDATA[Satyaa11@gmail.com]]>
              </value>
            </param>
            <param index="1">
              <value>
                <![CDATA[Satya@12345]]>
              </value>
            </param>
            <param index="2">
              <value>
                <![CDATA[Fail]]>
              </value>
            </param>
          </params>
          <reporter-output>
          </reporter-output>
        </test-method> <!-- LoginTest -->
        <test-method is-config="true" signature="CloseDriver()[pri:0, instance:practice.DataDrivenTesting@2eae8e6e]" started-at="2023-01-07T03:54:00 IST" name="CloseDriver" finished-at="2023-01-07T03:54:01 IST" duration-ms="1096" status="PASS">
          <reporter-output>
          </reporter-output>
        </test-method> <!-- CloseDriver -->
      </class> <!-- practice.DataDrivenTesting -->
    </test> <!-- Default test -->
  </suite> <!-- Default suite -->
</testng-results>
